#
# There is insufficient memory for the Java Runtime Environment to continue.
# Native memory allocation (mmap) failed to map 266338304 bytes for G1 virtual space
# Possible reasons:
#   The system is out of physical RAM or swap space
#   The process is running with CompressedOops enabled, and the Java Heap may be blocking the growth of the native heap
# Possible solutions:
#   Reduce memory load on the system
#   Increase physical memory or swap space
#   Check if swap backing store is full
#   Decrease Java heap size (-Xmx/-Xms)
#   Decrease number of Java threads
#   Decrease Java thread stack sizes (-Xss)
#   Set larger code cache with -XX:ReservedCodeCacheSize=
#   JVM is running with Zero Based Compressed Oops mode in which the Java heap is
#     placed in the first 32GB address space. The Java Heap base address is the
#     maximum limit for the native heap growth. Please use -XX:HeapBaseMinAddress
#     to set the Java Heap base and to place the Java Heap above 32GB virtual address.
# This output file may be truncated or incomplete.
#
#  Out of Memory Error (./open/src/hotspot/os/windows/os_windows.cpp:3321), pid=14904, tid=15580
#
# JRE version:  (15.0.2+7) (build )
# Java VM: OpenJDK 64-Bit Server VM (15.0.2+7-27, mixed mode, sharing, tiered, compressed oops, g1 gc, windows-amd64)
# No core dump will be written. Minidumps are not enabled by default on client versions of Windows
#

---------------  S U M M A R Y ------------

Command Line: -agentlib:jdwp=transport=dt_socket,address=127.0.0.1:54796,suspend=y,server=n -XX:TieredStopAtLevel=1 -Xverify:none -Dspring.output.ansi.enabled=always -Dcom.sun.management.jmxremote -Dspring.jmx.enabled=true -Dspring.liveBeansView.mbeanDomain -Dspring.application.admin.enabled=true -javaagent:C:\Users\ding\AppData\Local\JetBrains\IntelliJIdea2021.3\captureAgent\debugger-agent.jar -Dfile.encoding=UTF-8 com.muke.onlineedu.OnlineEduApplication

Host: Intel(R) Core(TM) i5-1035G1 CPU @ 1.00GHz, 8 cores, 15G,  Windows 10 , 64 bit Build 22000 (10.0.22000.434)
Time: Wed Mar 23 13:03:56 2022 中国标准时间 elapsed time: 0.099242 seconds (0d 0h 0m 0s)

---------------  T H R E A D  ---------------

Current thread (0x000001eecaec77a0):  JavaThread "Unknown thread" [_thread_in_vm, id=15580, stack(0x000000ae06e00000,0x000000ae06f00000)]

Stack: [0x000000ae06e00000,0x000000ae06f00000]
Native frames: (J=compiled Java code, j=interpreted, Vv=VM code, C=native code)
V  [jvm.dll+0x62ae9a]
V  [jvm.dll+0x7817a9]
V  [jvm.dll+0x782f03]
V  [jvm.dll+0x783563]
V  [jvm.dll+0x216325]
V  [jvm.dll+0x6281d9]
V  [jvm.dll+0x61cf55]
V  [jvm.dll+0x2cffdd]
V  [jvm.dll+0x2cfe42]
V  [jvm.dll+0x2d5e1c]
V  [jvm.dll+0x32590a]
V  [jvm.dll+0x324fd4]
V  [jvm.dll+0x2a6f5a]
V  [jvm.dll+0x2a80f8]
V  [jvm.dll+0x75e241]
V  [jvm.dll+0x3341c4]
V  [jvm.dll+0x73e926]
V  [jvm.dll+0x3b7557]
V  [jvm.dll+0x3b8fe1]
C  [jli.dll+0x52fb]
C  [ucrtbase.dll+0x26c0c]
C  [KERNEL32.DLL+0x154e0]
C  [ntdll.dll+0x485b]


---------------  P R O C E S S  ---------------

Threads class SMR info:
_java_thread_list=0x00007ffeadb14ff0, length=0, elements={
}

Java Threads: ( => current thread )

Other Threads:
  0x000001eecaf133a0 GCTaskThread "GC Thread#0" [stack: 0x000000ae06f00000,0x000000ae07000000] [id=18688]
  0x000001eecaf241b0 ConcurrentGCThread "G1 Main Marker" [stack: 0x000000ae07000000,0x000000ae07100000] [id=19128]
  0x000001eecaf25540 ConcurrentGCThread "G1 Conc#0" [stack: 0x000000ae07100000,0x000000ae07200000] [id=12600]

[error occurred during error reporting (printing all threads), id 0xc0000005, EXCEPTION_ACCESS_VIOLATION (0xc0000005) at pc=0x00007ffead307e27]

VM state: not at safepoint (not fully initialized)

VM Mutex/Monitor currently owned by a thread:  ([mutex/lock_event])
[0x000001eecaec2e30] Heap_lock - owner thread: 0x000001eecaec77a0

Heap address: 0x0000000703400000, size: 4044 MB, Compressed Oops mode: Zero based, Oop shift amount: 3
CDS archive(s) mapped at: [0x0000000000000000-0x0000000000000000-0x0000000000000000), size 0, SharedBaseAddress: 0x0000000800000000, ArchiveRelocationMode: 0.
Narrow klass base: 0x0000000000000000, Narrow klass shift: 0, Narrow klass range: 0x0

Heap:
 garbage-first heap   total 260096K, used 0K [0x0000000703400000, 0x0000000800000000)
  region size 2048K, 0 young (0K), 0 survivors (0K)
 Metaspace       used 0K, capacity 0K, committed 0K, reserved 0K
  class space    used 0K, capacity 0K, committed 0K, reserved 0K

Heap Regions: E=young(eden), S=young(survivor), O=old, HS=humongous(starts), HC=humongous(continues), CS=collection set, F=free, OA=open archive, CA=closed archive, TAMS=top-at-mark-start (previous, next)

Card table byte_map: [0x000001eee4b50000,0x000001eee5340000] _byte_map_base: 0x000001eee1336000

Marking Bits (Prev, Next): (CMBitMap*) 0x000001eecaf13b90, (CMBitMap*) 0x000001eecaf13bd0
 Prev Bits: [0x000001eee5b30000, 0x000001eee9a60000)
 Next Bits: [0x000001eee9a60000, 0x000001eeed990000)

GC Heap History (0 events):
No events

Deoptimization events (0 events):
No events

Classes unloaded (0 events):
No events

Classes redefined (0 events):
No events

Internal exceptions (0 events):
No events

Events (2 events):
Event: 0.071 Loaded shared library C:\Users\ding\.jdks\openjdk-15.0.2\bin\java.dll
Event: 0.093 Loaded shared library C:\Users\ding\.jdks\openjdk-15.0.2\bin\zip.dll


Dynamic libraries:
0x00007ff75e010000 - 0x00007ff75e01d000 	C:\Users\ding\.jdks\openjdk-15.0.2\bin\java.exe
0x00007ffeffa40000 - 0x00007ffeffc49000 	C:\WINDOWS\SYSTEM32\ntdll.dll
0x00007ffefe8b0000 - 0x00007ffefe96d000 	C:\WINDOWS\System32\KERNEL32.DLL
0x00007ffefd090000 - 0x00007ffefd404000 	C:\WINDOWS\System32\KERNELBASE.dll
0x00007ffefd6a0000 - 0x00007ffefd7b1000 	C:\WINDOWS\System32\ucrtbase.dll
0x00007ffef45d0000 - 0x00007ffef45e9000 	C:\Users\ding\.jdks\openjdk-15.0.2\bin\VCRUNTIME140.dll
0x00007ffef4850000 - 0x00007ffef4868000 	C:\Users\ding\.jdks\openjdk-15.0.2\bin\jli.dll
0x00007ffefe1a0000 - 0x00007ffefe34c000 	C:\WINDOWS\System32\USER32.dll
0x00007ffefcff0000 - 0x00007ffefd016000 	C:\WINDOWS\System32\win32u.dll
0x00007ffee9ed0000 - 0x00007ffeea175000 	C:\WINDOWS\WinSxS\amd64_microsoft.windows.common-controls_6595b64144ccf1df_6.0.22000.120_none_9d947278b86cc467\COMCTL32.dll
0x00007ffeff7e0000 - 0x00007ffeff809000 	C:\WINDOWS\System32\GDI32.dll
0x00007ffefd580000 - 0x00007ffefd692000 	C:\WINDOWS\System32\gdi32full.dll
0x00007ffefeb30000 - 0x00007ffefebd3000 	C:\WINDOWS\System32\msvcrt.dll
0x00007ffefd840000 - 0x00007ffefd8dd000 	C:\WINDOWS\System32\msvcp_win.dll
0x00007ffefd9b0000 - 0x00007ffefd9e1000 	C:\WINDOWS\System32\IMM32.DLL
0x00007ffef7370000 - 0x00007ffef737c000 	C:\Users\ding\.jdks\openjdk-15.0.2\bin\vcruntime140_1.dll
0x00007ffec8cc0000 - 0x00007ffec8d51000 	C:\Users\ding\.jdks\openjdk-15.0.2\bin\msvcp140.dll
0x00007ffead050000 - 0x00007ffeadbae000 	C:\Users\ding\.jdks\openjdk-15.0.2\bin\server\jvm.dll
0x00007ffefd8f0000 - 0x00007ffefd99e000 	C:\WINDOWS\System32\ADVAPI32.dll
0x00007ffefebe0000 - 0x00007ffefec7e000 	C:\WINDOWS\System32\sechost.dll
0x00007ffefe350000 - 0x00007ffefe470000 	C:\WINDOWS\System32\RPCRT4.dll
0x00007ffefe840000 - 0x00007ffefe848000 	C:\WINDOWS\System32\PSAPI.DLL
0x00007ffeed130000 - 0x00007ffeed139000 	C:\WINDOWS\SYSTEM32\WSOCK32.dll
0x00007ffeeec20000 - 0x00007ffeeec53000 	C:\WINDOWS\SYSTEM32\WINMM.dll
0x00007ffefecb0000 - 0x00007ffefed1f000 	C:\WINDOWS\System32\WS2_32.dll
0x00007ffef5f50000 - 0x00007ffef5f5a000 	C:\WINDOWS\SYSTEM32\VERSION.dll
0x00007ffefbff0000 - 0x00007ffefc008000 	C:\WINDOWS\SYSTEM32\kernel.appcore.dll
0x00007ffef7240000 - 0x00007ffef724a000 	C:\Users\ding\.jdks\openjdk-15.0.2\bin\jimage.dll
0x00007ffefa910000 - 0x00007ffefab31000 	C:\WINDOWS\SYSTEM32\DBGHELP.DLL
0x00007ffef55e0000 - 0x00007ffef5611000 	C:\WINDOWS\SYSTEM32\dbgcore.DLL
0x00007ffefd7c0000 - 0x00007ffefd83f000 	C:\WINDOWS\System32\bcryptPrimitives.dll
0x00007ffebd220000 - 0x00007ffebd259000 	C:\Users\ding\.jdks\openjdk-15.0.2\bin\jdwp.dll
0x00007ffef67d0000 - 0x00007ffef67de000 	C:\Users\ding\.jdks\openjdk-15.0.2\bin\instrument.dll
0x00007ffede8d0000 - 0x00007ffede8f5000 	C:\Users\ding\.jdks\openjdk-15.0.2\bin\java.dll
0x00007ffee4ef0000 - 0x00007ffee4f08000 	C:\Users\ding\.jdks\openjdk-15.0.2\bin\zip.dll

dbghelp: loaded successfully - version: 4.0.5 - missing functions: none
symbol engine: initialized successfully - sym options: 0x614 - pdb path: .;C:\Users\ding\.jdks\openjdk-15.0.2\bin;C:\WINDOWS\SYSTEM32;C:\WINDOWS\WinSxS\amd64_microsoft.windows.common-controls_6595b64144ccf1df_6.0.22000.120_none_9d947278b86cc467;C:\Users\ding\.jdks\openjdk-15.0.2\bin\server

VM Arguments:
jvm_args: -agentlib:jdwp=transport=dt_socket,address=127.0.0.1:54796,suspend=y,server=n -XX:TieredStopAtLevel=1 -Xverify:none -Dspring.output.ansi.enabled=always -Dcom.sun.management.jmxremote -Dspring.jmx.enabled=true -Dspring.liveBeansView.mbeanDomain -Dspring.application.admin.enabled=true -javaagent:C:\Users\ding\AppData\Local\JetBrains\IntelliJIdea2021.3\captureAgent\debugger-agent.jar -Dfile.encoding=UTF-8 
java_command: com.muke.onlineedu.OnlineEduApplication
java_class_path (initial): D:\GitHub\Java\IDEA\onlineEdu\target\classes;C:\Users\ding\.m2\repository\org\springframework\boot\spring-boot-starter-web\2.6.4\spring-boot-starter-web-2.6.4.jar;C:\Users\ding\.m2\repository\org\springframework\boot\spring-boot-starter\2.6.4\spring-boot-starter-2.6.4.jar;C:\Users\ding\.m2\repository\org\springframework\boot\spring-boot-starter-logging\2.6.4\spring-boot-starter-logging-2.6.4.jar;C:\Users\ding\.m2\repository\org\apache\logging\log4j\log4j-to-slf4j\2.17.1\log4j-to-slf4j-2.17.1.jar;C:\Users\ding\.m2\repository\org\apache\logging\log4j\log4j-api\2.17.1\log4j-api-2.17.1.jar;C:\Users\ding\.m2\repository\org\slf4j\jul-to-slf4j\1.7.36\jul-to-slf4j-1.7.36.jar;C:\Users\ding\.m2\repository\jakarta\annotation\jakarta.annotation-api\1.3.5\jakarta.annotation-api-1.3.5.jar;C:\Users\ding\.m2\repository\org\yaml\snakeyaml\1.29\snakeyaml-1.29.jar;C:\Users\ding\.m2\repository\org\springframework\boot\spring-boot-starter-json\2.6.4\spring-boot-starter-json-2.6.4.jar;C:\Users\ding\.m2\repository\com\fasterxml\jackson\core\jackson-databind\2.13.1\jackson-databind-2.13.1.jar;C:\Users\ding\.m2\repository\com\fasterxml\jackson\core\jackson-annotations\2.13.1\jackson-annotations-2.13.1.jar;C:\Users\ding\.m2\repository\com\fasterxml\jackson\core\jackson-core\2.13.1\jackson-core-2.13.1.jar;C:\Users\ding\.m2\repository\com\fasterxml\jackson\datatype\jackson-datatype-jdk8\2.13.1\jackson-datatype-jdk8-2.13.1.jar;C:\Users\ding\.m2\repository\com\fasterxml\jackson\datatype\jackson-datatype-jsr310\2.13.1\jackson-datatype-jsr310-2.13.1.jar;C:\Users\ding\.m2\repository\com\fasterxml\jackson\module\jackson-module-parameter-names\2.13.1\jackson-module-parameter-names-2.13.1.jar;C:\Users\ding\.m2\repository\org\springframework\boot\spring-boot-starter-tomcat\2.6.4\spring-boot-starter-tomcat-2.6.4.jar;C:\Users\ding\.m2\repository\org\apache\tomcat\embed\tomcat-embed-core\9.0.58\tomcat-embed-core-9.0.58.jar;C:\Users\ding\.m2\repository\org\apache\tomcat\embed\t
Launcher Type: SUN_STANDARD

[Global flags]
     intx CICompilerCount                          = 4                                         {product} {ergonomic}
     uint ConcGCThreads                            = 2                                         {product} {ergonomic}
     uint G1ConcRefinementThreads                  = 8                                         {product} {ergonomic}
   size_t G1HeapRegionSize                         = 2097152                                   {product} {ergonomic}
    uintx GCDrainStackTargetSize                   = 64                                        {product} {ergonomic}
   size_t InitialHeapSize                          = 266338304                                 {product} {ergonomic}
     bool ManagementServer                         = true                                      {product} {command line}
   size_t MarkStackSize                            = 4194304                                   {product} {ergonomic}
   size_t MaxHeapSize                              = 4240441344                                {product} {ergonomic}
   size_t MinHeapDeltaBytes                        = 2097152                                   {product} {ergonomic}
   size_t MinHeapSize                              = 8388608                                   {product} {ergonomic}
    uintx NonNMethodCodeHeapSize                   = 7549744                                {pd product} {ergonomic}
    uintx NonProfiledCodeHeapSize                  = 244108496                              {pd product} {ergonomic}
    uintx ProfiledCodeHeapSize                     = 0                                      {pd product} {ergonomic}
    uintx ReservedCodeCacheSize                    = 251658240                              {pd product} {ergonomic}
     bool SegmentedCodeCache                       = true                                      {product} {ergonomic}
   size_t SoftMaxHeapSize                          = 4240441344                             {manageable} {ergonomic}
     intx TieredStopAtLevel                        = 1                                         {product} {command line}
     bool UseCompressedClassPointers               = true                                 {lp64_product} {ergonomic}
     bool UseCompressedOops                        = true                                 {lp64_product} {ergonomic}
     bool UseG1GC                                  = true                                      {product} {ergonomic}
     bool UseLargePagesIndividualAllocation        = false                                  {pd product} {ergonomic}

Logging:
Log output configuration:
 #0: stdout all=warning uptime,level,tags
 #1: stderr all=off uptime,level,tags

Environment Variables:
JAVA_HOME=D:\jdk-15.0.1_windows-x64_bin\jdk-15.0.1
PATH=D:\exe\VMware\bin\;C:\Windows\system32;C:\Windows;C:\Windows\System32\Wbem;C:\Windows\System32\WindowsPowerShell\v1.0\;C:\Windows\System32\OpenSSH\;C:\Program Files (x86)\NVIDIA Corporation\PhysX\Common;C:\Program Files\NVIDIA Corporation\NVIDIA NvDLISR;C:\WINDOWS\system32;C:\WINDOWS;C:\WINDOWS\System32\Wbem;C:\WINDOWS\System32\WindowsPowerShell\v1.0\;C:\WINDOWS\System32\OpenSSH\;D:\jdk-15.0.1_windows-x64_bin\jdk-15.0.1\bin;D:\jdk-15.0.1_windows-x64_bin\jdk-15.0.1\jre\bin;D:\apache-maven-3.6.3-bin\apache-maven-3.6.3\bin;D:\exe\x86_64-8.1.0-release-win32-seh-rt_v6-rev0\mingw64\bin;C:\Program Files\dotnet\;D:\exe\NodeJS\;D:\Redis-x64-5.0.14.1\;C:\Program Files\Git\cmd;C:\Users\ding\AppData\Local\Microsoft\WindowsApps;D:\exe\IntelliJ IDEA Community Edition 2020.3.1\bin;D:\exe\Microsoft VS Code\bin;C:\Users\ding\AppData\Local\GitHubDesktop\bin;D:\exe\PyCharm Community Edition 2020.3.5\bin;;D:\exe\IntelliJ IDEA 2021.3.2\bin;;C:\Users\ding\AppData\Local\Microsoft\WindowsApps;C:\Users\ding\AppData\Roaming\npm
USERNAME=ding
OS=Windows_NT
PROCESSOR_IDENTIFIER=Intel64 Family 6 Model 126 Stepping 5, GenuineIntel



---------------  S Y S T E M  ---------------

OS:
 Windows 10 , 64 bit Build 22000 (10.0.22000.434)
OS uptime: 12 days 1:39 hours
HyperV virtualization detected

CPU: total 8 (initial active 8) (4 cores per cpu, 2 threads per core) family 6 model 126 stepping 5 microcode 0xa0, cmov, cx8, fxsr, mmx, sse, sse2, sse3, ssse3, sse4.1, sse4.2, popcnt, vzeroupper, avx, avx2, aes, clmul, erms, 3dnowpref, lzcnt, ht, tsc, tscinvbit, bmi1, bmi2, adx, avx512f, avx512dq, avx512cd, avx512bw, avx512vl, avx512_vpopcntdq, avx512_vpclmulqdq, avx512_vbmi, avx512_vbmi2, avx512_vaes, avx512_vnni, sha, fma, clflush, clflushopt

Memory: 4k page, system-wide physical 16174M (1274M free)
TotalPageFile size 20520M (AvailPageFile size 197M)
current process WorkingSet (physical memory assigned to process): 10M, peak: 10M
current process commit charge ("private bytes"): 58M, peak: 311M

vm_info: OpenJDK 64-Bit Server VM (15.0.2+7-27) for windows-amd64 JRE (15.0.2+7-27), built on Dec  7 2020 20:02:38 by "mach5one" with unknown MS VC++:1925

END.
