#
# There is insufficient memory for the Java Runtime Environment to continue.
# Native memory allocation (mmap) failed to map 1073741824 bytes for Failed to commit area from 0x0000000080000000 to 0x00000000c0000000 of length 1073741824.
# Possible reasons:
#   The system is out of physical RAM or swap space
#   The process is running with CompressedOops enabled, and the Java Heap may be blocking the growth of the native heap
# Possible solutions:
#   Reduce memory load on the system
#   Increase physical memory or swap space
#   Check if swap backing store is full
#   Decrease Java heap size (-Xmx/-Xms)
#   Decrease number of Java threads
#   Decrease Java thread stack sizes (-Xss)
#   Set larger code cache with -XX:ReservedCodeCacheSize=
# This output file may be truncated or incomplete.
#
#  Out of Memory Error (./src/hotspot/os/windows/os_windows.cpp:3619), pid=6012, tid=18176
#
# JRE version:  (11.0.13+7) (build )
# Java VM: OpenJDK 64-Bit Server VM (11.0.13+7-b1751.25, mixed mode, sharing, tiered, compressed oops, g1 gc, windows-amd64)
# No core dump will be written. Minidumps are not enabled by default on client versions of Windows
#

---------------  S U M M A R Y ------------

Command Line: -Djava.rmi.server.hostname=127.0.0.1 -Duser.timezone=UTC -Xmx2048m -Xms1024m -Dfile.encoding=UTF-8 com.intellij.database.remote.RemoteJdbcServer com.mysql.cj.jdbc.Driver

Host: Intel(R) Core(TM) i5-1035G1 CPU @ 1.00GHz, 8 cores, 15G,  Windows 11 , 64 bit Build 22000 (10.0.22000.434)
Time: Wed Mar 23 12:15:19 2022 中国标准时间 elapsed time: 0.167597 seconds (0d 0h 0m 0s)

---------------  T H R E A D  ---------------

Current thread (0x000001cb0be5d000):  JavaThread "Unknown thread" [_thread_in_vm, id=18176, stack(0x0000000aad000000,0x0000000aad100000)]

Stack: [0x0000000aad000000,0x0000000aad100000]
Native frames: (J=compiled Java code, j=interpreted, Vv=VM code, C=native code)
V  [jvm.dll+0x613daa]
V  [jvm.dll+0x799b30]
V  [jvm.dll+0x79b14d]
V  [jvm.dll+0x79b823]
V  [jvm.dll+0x24c958]
V  [jvm.dll+0x610e24]
V  [jvm.dll+0x605b25]
V  [jvm.dll+0x30aaab]
V  [jvm.dll+0x30aa1a]
V  [jvm.dll+0x30a8f2]
V  [jvm.dll+0x30f856]
V  [jvm.dll+0x359143]
V  [jvm.dll+0x359846]
V  [jvm.dll+0x359243]
V  [jvm.dll+0x2e57a8]
V  [jvm.dll+0x2e6947]
V  [jvm.dll+0x776d47]
V  [jvm.dll+0x77853c]
V  [jvm.dll+0x3666c9]
V  [jvm.dll+0x75a9ce]
V  [jvm.dll+0x3d47d3]
V  [jvm.dll+0x3d6d21]
C  [jli.dll+0x536b]
C  [ucrtbase.dll+0x26c0c]
C  [KERNEL32.DLL+0x154e0]
C  [ntdll.dll+0x485b]


---------------  P R O C E S S  ---------------

Threads class SMR info:
_java_thread_list=0x000001cb0a440ea0, length=0, elements={
}

Java Threads: ( => current thread )

Other Threads:
  0x000001cb0be76000 GCTaskThread "GC Thread#0" [stack: 0x0000000aad100000,0x0000000aad200000] [id=4336]
  0x000001cb0bea9000 ConcurrentGCThread "G1 Main Marker" [stack: 0x0000000aad200000,0x0000000aad300000] [id=20628]
  0x000001cb0beaa800 ConcurrentGCThread "G1 Conc#0" [stack: 0x0000000aad300000,0x0000000aad400000] [id=8216]

[error occurred during error reporting (printing all threads), id 0xc0000005, EXCEPTION_ACCESS_VIOLATION (0xc0000005) at pc=0x00007ffeb42c5c97]

VM state:not at safepoint (not fully initialized)

VM Mutex/Monitor currently owned by a thread:  ([mutex/lock_event])
[0x000001cb0be59930] Heap_lock - owner thread: 0x000001cb0be5d000

Heap address: 0x0000000080000000, size: 2048 MB, Compressed Oops mode: Non-zero based: 0x0000000080000000
Narrow klass base: 0x0000000000000000, Narrow klass shift: 0

GC Heap History (0 events):
No events

Deoptimization events (0 events):
No events

Classes redefined (0 events):
No events

Internal exceptions (0 events):
No events

Events (1 events):
Event: 0.154 Loaded shared library D:\exe\IntelliJ IDEA 2021.3.2\jbr\bin\zip.dll


Dynamic libraries:
0x00007ff742050000 - 0x00007ff74205a000 	D:\exe\IntelliJ IDEA 2021.3.2\jbr\bin\java.exe
0x00007ffeffa40000 - 0x00007ffeffc49000 	C:\WINDOWS\SYSTEM32\ntdll.dll
0x00007ffefe8b0000 - 0x00007ffefe96d000 	C:\WINDOWS\System32\KERNEL32.DLL
0x00007ffefd090000 - 0x00007ffefd404000 	C:\WINDOWS\System32\KERNELBASE.dll
0x00007ffefd6a0000 - 0x00007ffefd7b1000 	C:\WINDOWS\System32\ucrtbase.dll
0x00007ffef6480000 - 0x00007ffef6499000 	D:\exe\IntelliJ IDEA 2021.3.2\jbr\bin\jli.dll
0x00007ffefe1a0000 - 0x00007ffefe34c000 	C:\WINDOWS\System32\USER32.dll
0x00007ffefcff0000 - 0x00007ffefd016000 	C:\WINDOWS\System32\win32u.dll
0x00007ffeff7e0000 - 0x00007ffeff809000 	C:\WINDOWS\System32\GDI32.dll
0x00007ffee9ed0000 - 0x00007ffeea175000 	C:\WINDOWS\WinSxS\amd64_microsoft.windows.common-controls_6595b64144ccf1df_6.0.22000.120_none_9d947278b86cc467\COMCTL32.dll
0x00007ffefd580000 - 0x00007ffefd692000 	C:\WINDOWS\System32\gdi32full.dll
0x00007ffefeb30000 - 0x00007ffefebd3000 	C:\WINDOWS\System32\msvcrt.dll
0x00007ffefd840000 - 0x00007ffefd8dd000 	C:\WINDOWS\System32\msvcp_win.dll
0x00007ffeca640000 - 0x00007ffeca657000 	D:\exe\IntelliJ IDEA 2021.3.2\jbr\bin\VCRUNTIME140.dll
0x00007ffefd9b0000 - 0x00007ffefd9e1000 	C:\WINDOWS\System32\IMM32.DLL
0x00007ffeba010000 - 0x00007ffeba0ad000 	D:\exe\IntelliJ IDEA 2021.3.2\jbr\bin\msvcp140.dll
0x00007ffeb3fd0000 - 0x00007ffeb4b46000 	D:\exe\IntelliJ IDEA 2021.3.2\jbr\bin\server\jvm.dll
0x00007ffefd8f0000 - 0x00007ffefd99e000 	C:\WINDOWS\System32\ADVAPI32.dll
0x00007ffefebe0000 - 0x00007ffefec7e000 	C:\WINDOWS\System32\sechost.dll
0x00007ffefe350000 - 0x00007ffefe470000 	C:\WINDOWS\System32\RPCRT4.dll
0x00007ffefe840000 - 0x00007ffefe848000 	C:\WINDOWS\System32\PSAPI.DLL
0x00007ffeed130000 - 0x00007ffeed139000 	C:\WINDOWS\SYSTEM32\WSOCK32.dll
0x00007ffeeec20000 - 0x00007ffeeec53000 	C:\WINDOWS\SYSTEM32\WINMM.dll
0x00007ffefecb0000 - 0x00007ffefed1f000 	C:\WINDOWS\System32\WS2_32.dll
0x00007ffef5f50000 - 0x00007ffef5f5a000 	C:\WINDOWS\SYSTEM32\VERSION.dll
0x00007ffefbff0000 - 0x00007ffefc008000 	C:\WINDOWS\SYSTEM32\kernel.appcore.dll
0x00007ffef7670000 - 0x00007ffef7681000 	D:\exe\IntelliJ IDEA 2021.3.2\jbr\bin\verify.dll
0x00007ffefa910000 - 0x00007ffefab31000 	C:\WINDOWS\SYSTEM32\DBGHELP.DLL
0x00007ffef55e0000 - 0x00007ffef5611000 	C:\WINDOWS\SYSTEM32\dbgcore.DLL
0x00007ffefd7c0000 - 0x00007ffefd83f000 	C:\WINDOWS\System32\bcryptPrimitives.dll
0x00007ffef6580000 - 0x00007ffef65a9000 	D:\exe\IntelliJ IDEA 2021.3.2\jbr\bin\java.dll
0x00007ffef8840000 - 0x00007ffef884b000 	D:\exe\IntelliJ IDEA 2021.3.2\jbr\bin\jimage.dll
0x00007ffef6460000 - 0x00007ffef6478000 	D:\exe\IntelliJ IDEA 2021.3.2\jbr\bin\zip.dll

dbghelp: loaded successfully - version: 4.0.5 - missing functions: none
symbol engine: initialized successfully - sym options: 0x614 - pdb path: .;D:\exe\IntelliJ IDEA 2021.3.2\jbr\bin;C:\WINDOWS\SYSTEM32;C:\WINDOWS\WinSxS\amd64_microsoft.windows.common-controls_6595b64144ccf1df_6.0.22000.120_none_9d947278b86cc467;D:\exe\IntelliJ IDEA 2021.3.2\jbr\bin\server

VM Arguments:
jvm_args: -Djava.rmi.server.hostname=127.0.0.1 -Duser.timezone=UTC -Xmx2048m -Xms1024m -Dfile.encoding=UTF-8 
java_command: com.intellij.database.remote.RemoteJdbcServer com.mysql.cj.jdbc.Driver
java_class_path (initial): D:\exe\IntelliJ IDEA 2021.3.2\lib\util.jar;D:\exe\IntelliJ IDEA 2021.3.2\lib\org_codehaus_groovy_groovy.jar;D:\exe\IntelliJ IDEA 2021.3.2\plugins\DatabaseTools\lib\jdbc-console.jar;C:\Users\ding\AppData\Roaming\JetBrains\IntelliJIdea2021.3\jdbc-drivers\MySQL ConnectorJ\8.0.25\mysql-connector-java-8.0.25.jar
Launcher Type: SUN_STANDARD

[Global flags]
     intx CICompilerCount                          = 4                                         {product} {ergonomic}
     uint ConcGCThreads                            = 2                                         {product} {ergonomic}
     uint G1ConcRefinementThreads                  = 8                                         {product} {ergonomic}
   size_t G1HeapRegionSize                         = 1048576                                   {product} {ergonomic}
    uintx GCDrainStackTargetSize                   = 64                                        {product} {ergonomic}
   size_t InitialHeapSize                          = 1073741824                                {product} {command line}
   size_t MarkStackSize                            = 4194304                                   {product} {ergonomic}
   size_t MaxHeapSize                              = 2147483648                                {product} {command line}
   size_t MinHeapDeltaBytes                        = 1048576                                   {product} {ergonomic}
    uintx NonNMethodCodeHeapSize                   = 5836300                                {pd product} {ergonomic}
    uintx NonProfiledCodeHeapSize                  = 122910970                              {pd product} {ergonomic}
    uintx ProfiledCodeHeapSize                     = 122910970                              {pd product} {ergonomic}
    uintx ReservedCodeCacheSize                    = 251658240                              {pd product} {ergonomic}
     bool SegmentedCodeCache                       = true                                      {product} {ergonomic}
     bool UseCompressedClassPointers               = true                                 {lp64_product} {ergonomic}
     bool UseCompressedOops                        = true                                 {lp64_product} {ergonomic}
     bool UseG1GC                                  = true                                      {product} {ergonomic}
     bool UseLargePagesIndividualAllocation        = false                                  {pd product} {ergonomic}

Logging:
Log output configuration:
 #0: stdout all=warning uptime,level,tags
 #1: stderr all=off uptime,level,tags

Environment Variables:
JAVA_HOME=D:\jdk-15.0.1_windows-x64_bin\jdk-15.0.1
PATH=D:\exe\VMware\bin\;C:\Windows\system32;C:\Windows;C:\Windows\System32\Wbem;C:\Windows\System32\WindowsPowerShell\v1.0\;C:\Windows\System32\OpenSSH\;C:\Program Files (x86)\NVIDIA Corporation\PhysX\Common;C:\Program Files\NVIDIA Corporation\NVIDIA NvDLISR;C:\WINDOWS\system32;C:\WINDOWS;C:\WINDOWS\System32\Wbem;C:\WINDOWS\System32\WindowsPowerShell\v1.0\;C:\WINDOWS\System32\OpenSSH\;D:\jdk-15.0.1_windows-x64_bin\jdk-15.0.1\bin;D:\jdk-15.0.1_windows-x64_bin\jdk-15.0.1\jre\bin;D:\apache-maven-3.6.3-bin\apache-maven-3.6.3\bin;D:\exe\x86_64-8.1.0-release-win32-seh-rt_v6-rev0\mingw64\bin;C:\Program Files\dotnet\;D:\exe\NodeJS\;D:\Redis-x64-5.0.14.1\;C:\Program Files\Git\cmd;C:\Users\ding\AppData\Local\Microsoft\WindowsApps;D:\exe\IntelliJ IDEA Community Edition 2020.3.1\bin;D:\exe\Microsoft VS Code\bin;C:\Users\ding\AppData\Local\GitHubDesktop\bin;D:\exe\PyCharm Community Edition 2020.3.5\bin;;D:\exe\IntelliJ IDEA 2021.3.2\bin;;C:\Users\ding\AppData\Local\Microsoft\WindowsApps;C:\Users\ding\AppData\Roaming\npm
USERNAME=ding
OS=Windows_NT
PROCESSOR_IDENTIFIER=Intel64 Family 6 Model 126 Stepping 5, GenuineIntel



---------------  S Y S T E M  ---------------

OS: Windows 11 , 64 bit Build 22000 (10.0.22000.434)
OS uptime: 12 days 0:50 hours
Hyper-V role detected

CPU:total 8 (initial active 8) (4 cores per cpu, 2 threads per core) family 6 model 126 stepping 5 microcode 0xa0, cmov, cx8, fxsr, mmx, sse, sse2, sse3, ssse3, sse4.1, sse4.2, popcnt, avx, avx2, aes, clmul, erms, 3dnowpref, lzcnt, ht, tsc, tscinvbit, bmi1, bmi2, adx, evex, sha, fma

Memory: 4k page, system-wide physical 16174M (979M free)
TotalPageFile size 20520M (AvailPageFile size 1003M)
current process WorkingSet (physical memory assigned to process): 10M, peak: 10M
current process commit charge ("private bytes"): 60M, peak: 1083M

vm_info: OpenJDK 64-Bit Server VM (11.0.13+7-b1751.25) for windows-amd64 JRE (11.0.13+7-b1751.25), built on Jan 13 2022 20:47:27 by "" with MS VC++ 14.0 (VS2015)

END.
